<?xml version="1.0" encoding="UTF-8"?>
<!-- Generated by org.testng.reporters.JUnitReportReporter -->
<testsuite skipped="0" hostname="DESKTOP-O0R880F" name="testcase.cheksome" tests="1" failures="0" timestamp="2022-10-03T19:04:05 AST" time="1.035" errors="0">
  <testcase name="cheksome" time="1.035" classname="testcase.cheksome"/>
  <system-out/>
</testsuite> <!-- testcase.cheksome -->
